<?xml version="1.0" encoding="UTF-8"?>
<!-- Generated by org.testng.reporters.JUnitXMLReporter -->
<testsuite ignored="0" hostname="Srinivasan-T-V" failures="0" tests="4" name="Default test" time="20.164" errors="0" timestamp="2024-11-24T19:31:28 IST">
  <testcase classname="Testing.SubmitOrder" name="submitOrder" time="4.549"/>
  <testcase classname="Testing.SubmitOrder" name="submitOrder" time="4.674"/>
  <testcase classname="Testing.SubmitOrder" name="verifyOrderHistory" time="0.873"/>
  <testcase classname="Testing.SubmitOrder" name="verifyOrderHistory" time="0.903"/>
</testsuite> <!-- Default test -->
