<?xml version="1.0" encoding="UTF-8"?>
<!-- Generated by org.testng.reporters.JUnitXMLReporter -->
<testsuite ignored="1" hostname="Srinivasan-T-V" failures="0" tests="2" name="Submit Order Test" time="15.333" errors="0" timestamp="2024-11-24T18:56:43 IST">
  <testcase classname="Testing.SubmitOrder" name="submitOrder" time="4.626"/>
  <testcase classname="Testing.SubmitOrder" name="submitOrder" time="4.745"/>
  <testcase classname="Testing.SubmitOrder" name="verifyOrderHistory" time="0.0">
    <ignored/>
  </testcase> <!-- verifyOrderHistory -->
</testsuite> <!-- Submit Order Test -->
