<?xml version="1.0" encoding="UTF-8"?>
<testng-results ignored="0" total="2" passed="2" failed="0" skipped="0">
  <reporter-output>
  </reporter-output>
  <suite started-at="2024-11-24T19:41:25 IST" name="Suite" finished-at="2024-11-24T19:41:43 IST" duration-ms="17397">
    <groups>
      <group name="Smoke Test">
        <method signature="SmokeTest.StandardSmokeTest(java.util.HashMap)[pri:0, instance:Testing.SmokeTest@6379eb]" name="StandardSmokeTest" class="Testing.SmokeTest"/>
      </group> <!-- Smoke Test -->
    </groups>
    <test started-at="2024-11-24T19:41:25 IST" name="SmokeTest" finished-at="2024-11-24T19:41:43 IST" duration-ms="17397">
      <class name="Testing.SmokeTest">
        <test-method is-config="true" signature="launchApplication()[pri:0, instance:Testing.SmokeTest@6379eb]" started-at="2024-11-24T19:41:25 IST" name="launchApplication" finished-at="2024-11-24T19:41:29 IST" duration-ms="4026" status="PASS">
          <reporter-output>
          </reporter-output>
        </test-method> <!-- launchApplication -->
        <test-method signature="StandardSmokeTest(java.util.HashMap)[pri:0, instance:Testing.SmokeTest@6379eb]" started-at="2024-11-24T19:41:29 IST" name="StandardSmokeTest" data-provider="getData" finished-at="2024-11-24T19:41:34 IST" duration-ms="4630" status="PASS">
          <params>
            <param index="0">
              <value>
                <![CDATA[{userName=ray@ben.com, password=RAYben123*}]]>
              </value>
            </param>
          </params>
          <reporter-output>
          </reporter-output>
        </test-method> <!-- StandardSmokeTest -->
        <test-method is-config="true" signature="closeBrowser()[pri:0, instance:Testing.SmokeTest@6379eb]" started-at="2024-11-24T19:41:34 IST" name="closeBrowser" finished-at="2024-11-24T19:41:34 IST" duration-ms="233" status="PASS">
          <reporter-output>
          </reporter-output>
        </test-method> <!-- closeBrowser -->
        <test-method is-config="true" signature="launchApplication()[pri:0, instance:Testing.SmokeTest@6379eb]" started-at="2024-11-24T19:41:34 IST" name="launchApplication" finished-at="2024-11-24T19:41:38 IST" duration-ms="3355" status="PASS">
          <reporter-output>
          </reporter-output>
        </test-method> <!-- launchApplication -->
        <test-method signature="StandardSmokeTest(java.util.HashMap)[pri:0, instance:Testing.SmokeTest@6379eb]" started-at="2024-11-24T19:41:38 IST" name="StandardSmokeTest" data-provider="getData" finished-at="2024-11-24T19:41:42 IST" duration-ms="4889" status="PASS">
          <params>
            <param index="0">
              <value>
                <![CDATA[{userName=hi@hello.com, password=RAYben123*}]]>
              </value>
            </param>
          </params>
          <reporter-output>
          </reporter-output>
        </test-method> <!-- StandardSmokeTest -->
        <test-method is-config="true" signature="closeBrowser()[pri:0, instance:Testing.SmokeTest@6379eb]" started-at="2024-11-24T19:41:42 IST" name="closeBrowser" finished-at="2024-11-24T19:41:43 IST" duration-ms="197" status="PASS">
          <reporter-output>
          </reporter-output>
        </test-method> <!-- closeBrowser -->
      </class> <!-- Testing.SmokeTest -->
    </test> <!-- SmokeTest -->
  </suite> <!-- Suite -->
</testng-results>
