<?xml version="1.0" encoding="UTF-8"?>
<!-- Generated by org.testng.reporters.JUnitReportReporter -->
<testsuite hostname="Srinivasan-T-V" failures="0" tests="4" name="Testing.SubmitOrder" time="19.934" errors="0" timestamp="2024-11-24T19:31:28 IST" skipped="0">
  <testcase classname="Testing.SubmitOrder" name="submitOrder" time="7.446"/>
  <system-out/>
  <testcase classname="Testing.SubmitOrder" name="verifyOrderHistory" time="2.795"/>
  <system-out/>
  <testcase classname="Testing.SubmitOrder" name="verifyOrderHistory" time="3.345"/>
  <system-out/>
  <testcase classname="Testing.SubmitOrder" name="submitOrder" time="6.348"/>
  <system-out/>
</testsuite> <!-- Testing.SubmitOrder -->
